<?xml version="1.0" encoding="UTF-8"?>
<!-- Generated by org.testng.reporters.JUnitXMLReporter -->
<testsuite ignored="4" hostname="LAPTOP-GLV165CP" failures="0" tests="1" name="Default test" time="14.455" errors="0" timestamp="2025-01-28T15:08:48 EET">
  <testcase classname="MyTestCases" name="MultiplyTwoRandomNumbers" time="3.163"/>
  <testcase classname="MyTestCases" name="ClickOnAllItems" time="0.0">
    <ignored/>
  </testcase> <!-- ClickOnAllItems -->
  <testcase classname="MyTestCases" name="ClickOnlyOnNumbers" time="0.0">
    <ignored/>
  </testcase> <!-- ClickOnlyOnNumbers -->
  <testcase classname="MyTestCases" name="MultiplyTwoNumbers" time="0.0">
    <ignored/>
  </testcase> <!-- MultiplyTwoNumbers -->
  <testcase classname="MyTestCases" name="ClickOnlyOnEvenNumbers" time="0.0">
    <ignored/>
  </testcase> <!-- ClickOnlyOnEvenNumbers -->
</testsuite> <!-- Default test -->
