<?xml version="1.0" encoding="UTF-8"?>
<testng-results ignored="4" total="5" passed="1" failed="0" skipped="0">
  <reporter-output>
  </reporter-output>
  <suite started-at="2025-01-28T15:08:33 EET" name="Default suite" finished-at="2025-01-28T15:08:48 EET" duration-ms="14455">
    <groups>
    </groups>
    <test started-at="2025-01-28T15:08:33 EET" name="Default test" finished-at="2025-01-28T15:08:48 EET" duration-ms="14455">
      <class name="MyTestCases">
        <test-method is-config="true" signature="MySetup()[pri:0, instance:MyTestCases@36bc55de]" started-at="2025-01-28T15:08:33 EET" name="MySetup" finished-at="2025-01-28T15:08:33 EET" duration-ms="14" status="PASS">
          <reporter-output>
          </reporter-output>
        </test-method> <!-- MySetup -->
        <test-method is-config="true" signature="myBeforeMethod()[pri:0, instance:MyTestCases@36bc55de]" started-at="2025-01-28T15:08:33 EET" name="myBeforeMethod" finished-at="2025-01-28T15:08:44 EET" duration-ms="11246" status="PASS">
          <reporter-output>
          </reporter-output>
        </test-method> <!-- myBeforeMethod -->
        <test-method signature="MultiplyTwoRandomNumbers()[pri:4, instance:MyTestCases@36bc55de]" started-at="2025-01-28T15:08:44 EET" name="MultiplyTwoRandomNumbers" finished-at="2025-01-28T15:08:48 EET" duration-ms="3163" status="PASS">
          <reporter-output>
          </reporter-output>
        </test-method> <!-- MultiplyTwoRandomNumbers -->
      </class> <!-- MyTestCases -->
    </test> <!-- Default test -->
  </suite> <!-- Default suite -->
</testng-results>
